{
"contracts/Voting.sol":{"l":{"45":37,"46":32,"54":2,"58":3,"65":56,"66":55,"68":54,"69":54,"76":18,"77":17,"80":16,"81":16,"82":16,"84":16,"90":9,"91":8,"92":7,"94":6,"95":6,"96":6,"98":6,"105":29,"106":28,"108":28,"109":28,"110":28,"112":28,"116":18,"117":17,"118":17,"122":15,"123":14,"124":14,"128":7,"129":6,"130":6,"135":4,"136":3,"137":3,"138":7,"139":2,"142":3,"144":3,"145":3},"path":"/Users/thibautbaudry/Documents/Projets_Alyra/Projet 2/contracts/Voting.sol","s":{"1":37,"2":2,"3":3,"4":56,"5":55,"6":54,"7":18,"8":17,"9":16,"10":16,"11":16,"12":9,"13":8,"14":7,"15":6,"16":29,"17":28,"18":28,"19":28,"20":18,"21":17,"22":15,"23":14,"24":7,"25":6,"26":4,"27":3,"28":3,"29":7,"30":3},"b":{"1":[32,5],"2":[2,2],"3":[3,1],"4":[56,1],"5":[55,1],"6":[54,1],"7":[18,1],"8":[17,1],"9":[16,1],"10":[9,1],"11":[8,1],"12":[7,1],"13":[6,1],"14":[29,1],"15":[28,1],"16":[18,1],"17":[17,1],"18":[15,1],"19":[14,1],"20":[7,1],"21":[6,1],"22":[4,1],"23":[3,1],"24":[2,5]},"f":{"1":41,"2":37,"3":2,"4":3,"5":56,"6":18,"7":9,"8":29,"9":18,"10":15,"11":7,"12":4},"fnMap":{"1":{"name":"constructor","line":42,"loc":{"start":{"line":42,"column":4},"end":{"line":42,"column":43}}},"2":{"name":"onlyVoters","line":44,"loc":{"start":{"line":44,"column":4},"end":{"line":47,"column":4}}},"3":{"name":"getVoter","line":53,"loc":{"start":{"line":53,"column":4},"end":{"line":55,"column":4}}},"4":{"name":"getOneProposal","line":57,"loc":{"start":{"line":57,"column":4},"end":{"line":59,"column":4}}},"5":{"name":"addVoter","line":64,"loc":{"start":{"line":64,"column":4},"end":{"line":70,"column":4}}},"6":{"name":"addProposal","line":75,"loc":{"start":{"line":75,"column":4},"end":{"line":85,"column":4}}},"7":{"name":"setVote","line":89,"loc":{"start":{"line":89,"column":4},"end":{"line":99,"column":4}}},"8":{"name":"startProposalsRegistering","line":104,"loc":{"start":{"line":104,"column":4},"end":{"line":113,"column":4}}},"9":{"name":"endProposalsRegistering","line":115,"loc":{"start":{"line":115,"column":4},"end":{"line":119,"column":4}}},"10":{"name":"startVotingSession","line":121,"loc":{"start":{"line":121,"column":4},"end":{"line":125,"column":4}}},"11":{"name":"endVotingSession","line":127,"loc":{"start":{"line":127,"column":4},"end":{"line":131,"column":4}}},"12":{"name":"tallyVotes","line":134,"loc":{"start":{"line":134,"column":3},"end":{"line":146,"column":4}}}},"statementMap":{"1":{"start":{"line":45,"column":8},"end":{"line":45,"column":69}},"2":{"start":{"line":54,"column":8},"end":{"line":54,"column":28}},"3":{"start":{"line":58,"column":8},"end":{"line":58,"column":34}},"4":{"start":{"line":65,"column":8},"end":{"line":65,"column":105}},"5":{"start":{"line":66,"column":8},"end":{"line":66,"column":72}},"6":{"start":{"line":69,"column":8},"end":{"line":69,"column":35}},"7":{"start":{"line":76,"column":8},"end":{"line":76,"column":110}},"8":{"start":{"line":77,"column":8},"end":{"line":77,"column":112}},"9":{"start":{"line":80,"column":8},"end":{"line":80,"column":32}},"10":{"start":{"line":82,"column":8},"end":{"line":82,"column":36}},"11":{"start":{"line":84,"column":8},"end":{"line":84,"column":56}},"12":{"start":{"line":90,"column":8},"end":{"line":90,"column":106}},"13":{"start":{"line":91,"column":8},"end":{"line":91,"column":77}},"14":{"start":{"line":92,"column":8},"end":{"line":92,"column":65}},"15":{"start":{"line":98,"column":8},"end":{"line":98,"column":35}},"16":{"start":{"line":105,"column":8},"end":{"line":105,"column":111}},"17":{"start":{"line":108,"column":8},"end":{"line":108,"column":32}},"18":{"start":{"line":110,"column":8},"end":{"line":110,"column":36}},"19":{"start":{"line":112,"column":8},"end":{"line":112,"column":112}},"20":{"start":{"line":116,"column":8},"end":{"line":116,"column":121}},"21":{"start":{"line":118,"column":8},"end":{"line":118,"column":121}},"22":{"start":{"line":122,"column":8},"end":{"line":122,"column":122}},"23":{"start":{"line":124,"column":8},"end":{"line":124,"column":113}},"24":{"start":{"line":128,"column":8},"end":{"line":128,"column":106}},"25":{"start":{"line":130,"column":8},"end":{"line":130,"column":105}},"26":{"start":{"line":135,"column":7},"end":{"line":135,"column":112}},"27":{"start":{"line":136,"column":7},"end":{"line":136,"column":30}},"28":{"start":{"line":137,"column":6},"end":{"line":137,"column":4910}},"29":{"start":{"line":138,"column":11},"end":{"line":138,"column":4978}},"30":{"start":{"line":145,"column":7},"end":{"line":145,"column":96}}},"branchMap":{"1":{"line":45,"type":"if","locations":[{"start":{"line":45,"column":8},"end":{"line":45,"column":8}},{"start":{"line":45,"column":8},"end":{"line":45,"column":8}}]},"2":{"line":53,"type":"if","locations":[{"start":{"line":53,"column":46},"end":{"line":53,"column":46}},{"start":{"line":53,"column":46},"end":{"line":53,"column":46}}]},"3":{"line":57,"type":"if","locations":[{"start":{"line":57,"column":47},"end":{"line":57,"column":47}},{"start":{"line":57,"column":47},"end":{"line":57,"column":47}}]},"4":{"line":64,"type":"if","locations":[{"start":{"line":64,"column":46},"end":{"line":64,"column":46}},{"start":{"line":64,"column":46},"end":{"line":64,"column":46}}]},"5":{"line":65,"type":"if","locations":[{"start":{"line":65,"column":8},"end":{"line":65,"column":8}},{"start":{"line":65,"column":8},"end":{"line":65,"column":8}}]},"6":{"line":66,"type":"if","locations":[{"start":{"line":66,"column":8},"end":{"line":66,"column":8}},{"start":{"line":66,"column":8},"end":{"line":66,"column":8}}]},"7":{"line":75,"type":"if","locations":[{"start":{"line":75,"column":57},"end":{"line":75,"column":57}},{"start":{"line":75,"column":57},"end":{"line":75,"column":57}}]},"8":{"line":76,"type":"if","locations":[{"start":{"line":76,"column":8},"end":{"line":76,"column":8}},{"start":{"line":76,"column":8},"end":{"line":76,"column":8}}]},"9":{"line":77,"type":"if","locations":[{"start":{"line":77,"column":8},"end":{"line":77,"column":8}},{"start":{"line":77,"column":8},"end":{"line":77,"column":8}}]},"10":{"line":89,"type":"if","locations":[{"start":{"line":89,"column":41},"end":{"line":89,"column":41}},{"start":{"line":89,"column":41},"end":{"line":89,"column":41}}]},"11":{"line":90,"type":"if","locations":[{"start":{"line":90,"column":8},"end":{"line":90,"column":8}},{"start":{"line":90,"column":8},"end":{"line":90,"column":8}}]},"12":{"line":91,"type":"if","locations":[{"start":{"line":91,"column":8},"end":{"line":91,"column":8}},{"start":{"line":91,"column":8},"end":{"line":91,"column":8}}]},"13":{"line":92,"type":"if","locations":[{"start":{"line":92,"column":8},"end":{"line":92,"column":8}},{"start":{"line":92,"column":8},"end":{"line":92,"column":8}}]},"14":{"line":104,"type":"if","locations":[{"start":{"line":104,"column":50},"end":{"line":104,"column":50}},{"start":{"line":104,"column":50},"end":{"line":104,"column":50}}]},"15":{"line":105,"type":"if","locations":[{"start":{"line":105,"column":8},"end":{"line":105,"column":8}},{"start":{"line":105,"column":8},"end":{"line":105,"column":8}}]},"16":{"line":115,"type":"if","locations":[{"start":{"line":115,"column":48},"end":{"line":115,"column":48}},{"start":{"line":115,"column":48},"end":{"line":115,"column":48}}]},"17":{"line":116,"type":"if","locations":[{"start":{"line":116,"column":8},"end":{"line":116,"column":8}},{"start":{"line":116,"column":8},"end":{"line":116,"column":8}}]},"18":{"line":121,"type":"if","locations":[{"start":{"line":121,"column":43},"end":{"line":121,"column":43}},{"start":{"line":121,"column":43},"end":{"line":121,"column":43}}]},"19":{"line":122,"type":"if","locations":[{"start":{"line":122,"column":8},"end":{"line":122,"column":8}},{"start":{"line":122,"column":8},"end":{"line":122,"column":8}}]},"20":{"line":127,"type":"if","locations":[{"start":{"line":127,"column":41},"end":{"line":127,"column":41}},{"start":{"line":127,"column":41},"end":{"line":127,"column":41}}]},"21":{"line":128,"type":"if","locations":[{"start":{"line":128,"column":8},"end":{"line":128,"column":8}},{"start":{"line":128,"column":8},"end":{"line":128,"column":8}}]},"22":{"line":134,"type":"if","locations":[{"start":{"line":134,"column":34},"end":{"line":134,"column":34}},{"start":{"line":134,"column":34},"end":{"line":134,"column":34}}]},"23":{"line":135,"type":"if","locations":[{"start":{"line":135,"column":7},"end":{"line":135,"column":7}},{"start":{"line":135,"column":7},"end":{"line":135,"column":7}}]},"24":{"line":138,"type":"if","locations":[{"start":{"line":138,"column":11},"end":{"line":138,"column":11}},{"start":{"line":138,"column":11},"end":{"line":138,"column":11}}]}}}}
