TN:
SF:/Users/thibautbaudry/Documents/Projets_Alyra/Projet 2/contracts/Voting.sol
FN:42,constructor
FN:44,onlyVoters
FN:53,getVoter
FN:57,getOneProposal
FN:64,addVoter
FN:75,addProposal
FN:89,setVote
FN:104,startProposalsRegistering
FN:115,endProposalsRegistering
FN:121,startVotingSession
FN:127,endVotingSession
FN:134,tallyVotes
FNF:12
FNH:12
FNDA:41,constructor
FNDA:37,onlyVoters
FNDA:2,getVoter
FNDA:3,getOneProposal
FNDA:56,addVoter
FNDA:18,addProposal
FNDA:9,setVote
FNDA:29,startProposalsRegistering
FNDA:18,endProposalsRegistering
FNDA:15,startVotingSession
FNDA:7,endVotingSession
FNDA:4,tallyVotes
DA:45,37
DA:46,32
DA:54,2
DA:58,3
DA:65,56
DA:66,55
DA:68,54
DA:69,54
DA:76,18
DA:77,17
DA:80,16
DA:81,16
DA:82,16
DA:84,16
DA:90,9
DA:91,8
DA:92,7
DA:94,6
DA:95,6
DA:96,6
DA:98,6
DA:105,29
DA:106,28
DA:108,28
DA:109,28
DA:110,28
DA:112,28
DA:116,18
DA:117,17
DA:118,17
DA:122,15
DA:123,14
DA:124,14
DA:128,7
DA:129,6
DA:130,6
DA:135,4
DA:136,3
DA:137,3
DA:138,7
DA:139,2
DA:142,3
DA:144,3
DA:145,3
LF:44
LH:44
BRDA:45,1,0,32
BRDA:45,1,1,5
BRDA:53,2,0,2
BRDA:53,2,1,2
BRDA:57,3,0,3
BRDA:57,3,1,1
BRDA:64,4,0,56
BRDA:64,4,1,1
BRDA:65,5,0,55
BRDA:65,5,1,1
BRDA:66,6,0,54
BRDA:66,6,1,1
BRDA:75,7,0,18
BRDA:75,7,1,1
BRDA:76,8,0,17
BRDA:76,8,1,1
BRDA:77,9,0,16
BRDA:77,9,1,1
BRDA:89,10,0,9
BRDA:89,10,1,1
BRDA:90,11,0,8
BRDA:90,11,1,1
BRDA:91,12,0,7
BRDA:91,12,1,1
BRDA:92,13,0,6
BRDA:92,13,1,1
BRDA:104,14,0,29
BRDA:104,14,1,1
BRDA:105,15,0,28
BRDA:105,15,1,1
BRDA:115,16,0,18
BRDA:115,16,1,1
BRDA:116,17,0,17
BRDA:116,17,1,1
BRDA:121,18,0,15
BRDA:121,18,1,1
BRDA:122,19,0,14
BRDA:122,19,1,1
BRDA:127,20,0,7
BRDA:127,20,1,1
BRDA:128,21,0,6
BRDA:128,21,1,1
BRDA:134,22,0,4
BRDA:134,22,1,1
BRDA:135,23,0,3
BRDA:135,23,1,1
BRDA:138,24,0,2
BRDA:138,24,1,5
BRF:48
BRH:48
end_of_record
